Arguments: 
  /usr/bin/node /usr/bin/yarn add -D nodemon

PATH: 
  /usr/local/bin:/usr/bin:/usr/local/sbin:/usr/bin/site_perl:/usr/bin/vendor_perl:/usr/bin/core_perl

Yarn version: 
  1.22.19

Node version: 
  14.20.0

Platform: 
  linux x64

Trace: 
  Error: connect EHOSTUNREACH 104.16.21.35:443
      at TCPConnectWrap.afterConnect [as oncomplete] (net.js:1159:16)

npm manifest: 
  {
    "name": "pascal-tp5js",
    "version": "1.0.0",
    "main": "index.js",
    "license": "MIT",
    "dependencies": {
      "p5": "^1.4.2"
    },
    "devDependencies": {
      "@types/p5": "^1.4.3"
    }
  }

yarn manifest: 
  No manifest

Lockfile: 
  # THIS IS AN AUTOGENERATED FILE. DO NOT EDIT THIS FILE DIRECTLY.
  # yarn lockfile v1
  
  
  "@types/p5@^1.4.3":
    version "1.4.3"
    resolved "https://registry.yarnpkg.com/@types/p5/-/p5-1.4.3.tgz#84565d085237fdc149c15e1e9ae8d81db4aa3699"
    integrity sha512-UjgBi1/VU0Dz1/JxzRZrDKlC54rMELWW+6oHx1pRKzKkVgwzvP+dEjZ1JbeMjK12VJMUjDx4lhGUmnUL2jBASQ==
  
  p5@^1.4.2:
    version "1.4.2"
    resolved "https://registry.yarnpkg.com/p5/-/p5-1.4.2.tgz#c258fcf655ff75bd4e8b530607c9a96e6a556023"
    integrity sha512-J5zqZ/l1NIbJSuNr/FH9nDYgBRg7/NubStNPnx1fQCMSAgxI6peKDHs9i5iaG9EuwbJzjuG6/5bX/D0lqqrP9A==
